<?xml version="1.0" encoding="UTF-8"?>
<!-- Generated by org.testng.reporters.JUnitReportReporter -->
<testsuite hostname="DESKTOP-PU4D6L1" failures="0" tests="1" name="com.xgen.automation.runner.CucumberRunnerTests_Extent" time="22.416" errors="0" timestamp="2024-09-22T21:58:16 IST" skipped="0">
  <testcase classname="com.xgen.automation.runner.CucumberRunnerTests_Extent" name="runScenario" time="22.416"/>
</testsuite> <!-- com.xgen.automation.runner.CucumberRunnerTests_Extent -->
